<?xml version="1.0" encoding="UTF-8"?>
<testsuite name="Como aspirante de Choucair" tests="1" skipped="0" failures="0" errors="0" timestamp="2021-06-03T04:48:10" hostname="MSA1737" time="12.433">
  <properties/>
  <testcase name="Conocer las opciones" classname="Como aspirante de Choucair" time="12.433"/>
  <system-out><![CDATA[]]></system-out>
  <system-err><![CDATA[jun 02, 2021 11:48:11 PM org.openqa.selenium.remote.DesiredCapabilities chrome
INFORMACIÓN: Using `new ChromeOptions()` is preferred to `DesiredCapabilities.chrome()`
Starting ChromeDriver 91.0.4472.19 (1bf021f248676a0b2ab3ee0561d83a59e424c23e-refs/branch-heads/4472@{#288}) on port 27841
Only local connections are allowed.
Please see https://chromedriver.chromium.org/security-considerations for suggestions on keeping ChromeDriver safe.
ChromeDriver was started successfully.
jun 02, 2021 11:48:14 PM org.openqa.selenium.remote.ProtocolHandshake createSession
INFORMACIÓN: Detected dialect: W3C
]]></system-err>
</testsuite>
